10-Jul-2020 13:35:30.834 INFO [main] org.apache.catalina.startup.VersionLoggerListener.log Server version name:   Apache Tomcat/9.0.33
10-Jul-2020 13:35:30.835 INFO [main] org.apache.catalina.startup.VersionLoggerListener.log Server built:          Mar 11 2020 09:31:38 UTC
10-Jul-2020 13:35:30.835 INFO [main] org.apache.catalina.startup.VersionLoggerListener.log Server version number: 9.0.33.0
10-Jul-2020 13:35:30.836 INFO [main] org.apache.catalina.startup.VersionLoggerListener.log OS Name:               Windows 8.1
10-Jul-2020 13:35:30.836 INFO [main] org.apache.catalina.startup.VersionLoggerListener.log OS Version:            6.3
10-Jul-2020 13:35:30.836 INFO [main] org.apache.catalina.startup.VersionLoggerListener.log Architecture:          amd64
10-Jul-2020 13:35:30.836 INFO [main] org.apache.catalina.startup.VersionLoggerListener.log Java Home:             C:\Program Files\Java\jre1.8.0_45
10-Jul-2020 13:35:30.836 INFO [main] org.apache.catalina.startup.VersionLoggerListener.log JVM Version:           1.8.0_45-b14
10-Jul-2020 13:35:30.836 INFO [main] org.apache.catalina.startup.VersionLoggerListener.log JVM Vendor:            Oracle Corporation
10-Jul-2020 13:35:30.836 INFO [main] org.apache.catalina.startup.VersionLoggerListener.log CATALINA_BASE:         C:\Users\parvi\Downloads\camunda-bpm-tomcat-7.13.0\server\apache-tomcat-9.0.33
10-Jul-2020 13:35:30.836 INFO [main] org.apache.catalina.startup.VersionLoggerListener.log CATALINA_HOME:         C:\Users\parvi\Downloads\camunda-bpm-tomcat-7.13.0\server\apache-tomcat-9.0.33
10-Jul-2020 13:35:30.837 INFO [main] org.apache.catalina.startup.VersionLoggerListener.log Command line argument: -Djava.util.logging.config.file=C:\Users\parvi\Downloads\camunda-bpm-tomcat-7.13.0\server\apache-tomcat-9.0.33\conf\logging.properties
10-Jul-2020 13:35:30.837 INFO [main] org.apache.catalina.startup.VersionLoggerListener.log Command line argument: -Djava.util.logging.manager=org.apache.juli.ClassLoaderLogManager
10-Jul-2020 13:35:30.838 INFO [main] org.apache.catalina.startup.VersionLoggerListener.log Command line argument: -Djdk.tls.ephemeralDHKeySize=2048
10-Jul-2020 13:35:30.838 INFO [main] org.apache.catalina.startup.VersionLoggerListener.log Command line argument: -Djava.protocol.handler.pkgs=org.apache.catalina.webresources
10-Jul-2020 13:35:30.838 INFO [main] org.apache.catalina.startup.VersionLoggerListener.log Command line argument: -Xmx512m
10-Jul-2020 13:35:30.838 INFO [main] org.apache.catalina.startup.VersionLoggerListener.log Command line argument: -Dignore.endorsed.dirs=
10-Jul-2020 13:35:30.839 INFO [main] org.apache.catalina.startup.VersionLoggerListener.log Command line argument: -Dcatalina.base=C:\Users\parvi\Downloads\camunda-bpm-tomcat-7.13.0\server\apache-tomcat-9.0.33
10-Jul-2020 13:35:30.839 INFO [main] org.apache.catalina.startup.VersionLoggerListener.log Command line argument: -Dcatalina.home=C:\Users\parvi\Downloads\camunda-bpm-tomcat-7.13.0\server\apache-tomcat-9.0.33
10-Jul-2020 13:35:30.839 INFO [main] org.apache.catalina.startup.VersionLoggerListener.log Command line argument: -Djava.io.tmpdir=C:\Users\parvi\Downloads\camunda-bpm-tomcat-7.13.0\server\apache-tomcat-9.0.33\temp
10-Jul-2020 13:35:30.843 INFO [main] org.apache.catalina.core.AprLifecycleListener.lifecycleEvent The APR based Apache Tomcat Native library which allows optimal performance in production environments was not found on the java.library.path: [C:\Program Files\Java\jre1.8.0_45\bin;C:\WINDOWS\Sun\Java\bin;C:\WINDOWS\system32;C:\WINDOWS;C:\ProgramData\Oracle\Java\javapath;C:\WINDOWS\system32;C:\WINDOWS;C:\WINDOWS\System32\Wbem;C:\WINDOWS\System32\WindowsPowerShell\v1.0\;C:\WINDOWS\System32\OpenSSH\;C:\Program Files (x86)\NVIDIA Corporation\PhysX\Common;C:\Program Files\NVIDIA Corporation\NVIDIA NvDLISR;C:\Program Files\Git\cmd;C:\Program Files\dotnet\;C:\Program Files\nodejs\;C:\Users\parvi\AppData\Local\Microsoft\WindowsApps;;C:\Program Files\JetBrains\PhpStorm 2019.3.4\bin;;C:\Users\parvi\AppData\Local\Programs\Microsoft VS Code\bin;C:\Users\parvi\AppData\Roaming\npm;.]
10-Jul-2020 13:35:31.116 INFO [main] org.apache.coyote.AbstractProtocol.init Initializing ProtocolHandler ["http-nio-8080"]
10-Jul-2020 13:35:31.147 INFO [main] org.apache.catalina.startup.Catalina.load Server initialization in [554] milliseconds
10-Jul-2020 13:35:31.338 INFO [main] org.camunda.commons.logging.BaseLogger.logInfo ENGINE-08046 Found camunda bpm platform configuration in CATALINA_BASE/CATALINA_HOME conf directory [C:\Users\parvi\Downloads\camunda-bpm-tomcat-7.13.0\server\apache-tomcat-9.0.33\conf\bpm-platform.xml] at 'file:/C:/Users/parvi/Downloads/camunda-bpm-tomcat-7.13.0/server/apache-tomcat-9.0.33/conf/bpm-platform.xml'
10-Jul-2020 13:35:31.716 INFO [main] org.camunda.commons.logging.BaseLogger.logInfo ENGINE-12003 Plugin 'ProcessApplicationEventListenerPlugin' activated on process engine 'default'
10-Jul-2020 13:35:31.722 INFO [main] org.camunda.commons.logging.BaseLogger.logInfo ENGINE-12003 Plugin 'SpinProcessEnginePlugin' activated on process engine 'default'
10-Jul-2020 13:35:31.726 INFO [main] org.camunda.commons.logging.BaseLogger.logInfo SPIN-01010 Discovered Spin data format provider: org.camunda.spin.impl.json.jackson.format.JacksonJsonDataFormatProvider[name = application/json]
10-Jul-2020 13:35:31.914 INFO [main] org.camunda.commons.logging.BaseLogger.logInfo SPIN-01010 Discovered Spin data format provider: org.camunda.spin.impl.xml.dom.format.DomXmlDataFormatProvider[name = application/xml]
10-Jul-2020 13:35:31.923 INFO [main] org.camunda.commons.logging.BaseLogger.logInfo SPIN-01009 Discovered Spin data format: org.camunda.spin.impl.xml.dom.format.DomXmlDataFormat[name = application/xml]
10-Jul-2020 13:35:31.924 INFO [main] org.camunda.commons.logging.BaseLogger.logInfo SPIN-01009 Discovered Spin data format: org.camunda.spin.impl.json.jackson.format.JacksonJsonDataFormat[name = application/json]
10-Jul-2020 13:35:31.925 INFO [main] org.camunda.commons.logging.BaseLogger.logInfo ENGINE-12003 Plugin 'ConnectProcessEnginePlugin' activated on process engine 'default'
10-Jul-2020 13:35:32.041 INFO [main] org.camunda.commons.logging.BaseLogger.logInfo CNCT-01004 Discovered provider for connector id 'http-connector' and class 'org.camunda.connect.httpclient.impl.HttpConnectorImpl': 'org.camunda.connect.httpclient.impl.HttpConnectorProviderImpl'
10-Jul-2020 13:35:32.043 INFO [main] org.camunda.commons.logging.BaseLogger.logInfo CNCT-01004 Discovered provider for connector id 'soap-http-connector' and class 'org.camunda.connect.httpclient.soap.impl.SoapHttpConnectorImpl': 'org.camunda.connect.httpclient.soap.impl.SoapHttpConnectorProviderImpl'
10-Jul-2020 13:35:32.142 INFO [main] org.camunda.commons.logging.BaseLogger.logInfo FEEL/SCALA-01001 Spin value mapper detected
10-Jul-2020 13:35:32.309 INFO [main] org.camunda.feel.FeelEngine.<init> Engine created. [value-mapper: CompositeValueMapper(List(org.camunda.feel.impl.JavaValueMapper@2cae1042, org.camunda.spin.plugin.impl.feel.integration.SpinValueMapper@163d04ff)), function-provider: org.camunda.bpm.dmn.feel.impl.scala.function.CustomFunctionTransformer@7446d8d5, configuration: Configuration(false)]
10-Jul-2020 13:35:35.138 INFO [main] org.camunda.commons.logging.BaseLogger.logInfo ENGINE-03016 Performing database operation 'create' on component 'engine' with resource 'org/camunda/bpm/engine/db/create/activiti.h2.create.engine.sql'
10-Jul-2020 13:35:35.167 INFO [main] org.camunda.commons.logging.BaseLogger.logInfo ENGINE-03016 Performing database operation 'create' on component 'history' with resource 'org/camunda/bpm/engine/db/create/activiti.h2.create.history.sql'
10-Jul-2020 13:35:35.183 INFO [main] org.camunda.commons.logging.BaseLogger.logInfo ENGINE-03016 Performing database operation 'create' on component 'identity' with resource 'org/camunda/bpm/engine/db/create/activiti.h2.create.identity.sql'
10-Jul-2020 13:35:35.199 INFO [main] org.camunda.commons.logging.BaseLogger.logInfo ENGINE-03016 Performing database operation 'create' on component 'case.engine' with resource 'org/camunda/bpm/engine/db/create/activiti.h2.create.case.engine.sql'
10-Jul-2020 13:35:35.208 INFO [main] org.camunda.commons.logging.BaseLogger.logInfo ENGINE-03016 Performing database operation 'create' on component 'case.history' with resource 'org/camunda/bpm/engine/db/create/activiti.h2.create.case.history.sql'
10-Jul-2020 13:35:35.213 INFO [main] org.camunda.commons.logging.BaseLogger.logInfo ENGINE-03016 Performing database operation 'create' on component 'decision.engine' with resource 'org/camunda/bpm/engine/db/create/activiti.h2.create.decision.engine.sql'
10-Jul-2020 13:35:35.223 INFO [main] org.camunda.commons.logging.BaseLogger.logInfo ENGINE-03016 Performing database operation 'create' on component 'decision.history' with resource 'org/camunda/bpm/engine/db/create/activiti.h2.create.decision.history.sql'
10-Jul-2020 13:35:35.262 INFO [main] org.camunda.commons.logging.BaseLogger.logInfo ENGINE-03067 No history level property found in database
10-Jul-2020 13:35:35.263 INFO [main] org.camunda.commons.logging.BaseLogger.logInfo ENGINE-03065 Creating historyLevel property in database for level: HistoryLevelFull(name=full, id=3)
10-Jul-2020 13:35:35.357 INFO [main] org.camunda.commons.logging.BaseLogger.logInfo ENGINE-00001 Process Engine default created.
10-Jul-2020 13:35:35.359 INFO [main] org.camunda.commons.logging.BaseLogger.logInfo ENGINE-14014 Starting up the JobExecutor[org.camunda.bpm.engine.impl.jobexecutor.RuntimeContainerJobExecutor].
10-Jul-2020 13:35:35.361 INFO [Thread-5] org.camunda.commons.logging.BaseLogger.logInfo ENGINE-14018 JobExecutor[org.camunda.bpm.engine.impl.jobexecutor.RuntimeContainerJobExecutor] starting to acquire jobs
10-Jul-2020 13:35:35.361 INFO [main] org.camunda.commons.logging.BaseLogger.logInfo ENGINE-08048 Camunda BPM platform sucessfully started at 'Apache Tomcat/9.0.33'.
10-Jul-2020 13:35:35.377 INFO [main] org.apache.catalina.core.StandardService.startInternal Starting service [Catalina]
10-Jul-2020 13:35:35.378 INFO [main] org.apache.catalina.core.StandardEngine.startInternal Starting Servlet engine: [Apache Tomcat/9.0.33]
10-Jul-2020 13:35:35.394 INFO [main] org.apache.catalina.startup.HostConfig.deployDirectory Установка веб приложения в папку [C:\Users\parvi\Downloads\camunda-bpm-tomcat-7.13.0\server\apache-tomcat-9.0.33\webapps\camunda]
10-Jul-2020 13:35:39.817 INFO [main] org.apache.jasper.servlet.TldScanner.scanJars At least one JAR was scanned for TLDs yet contained no TLDs. Enable debug logging for this logger for a complete list of JARs that were scanned but no TLDs were found in them. Skipping unneeded JARs during scanning can improve startup time and JSP compilation time.
10-Jul-2020 13:35:40.534 INFO [main] org.apache.catalina.startup.HostConfig.deployDirectory Deployment of web application directory [C:\Users\parvi\Downloads\camunda-bpm-tomcat-7.13.0\server\apache-tomcat-9.0.33\webapps\camunda] has finished in [5 140] ms
10-Jul-2020 13:35:40.534 INFO [main] org.apache.catalina.startup.HostConfig.deployDirectory Установка веб приложения в папку [C:\Users\parvi\Downloads\camunda-bpm-tomcat-7.13.0\server\apache-tomcat-9.0.33\webapps\camunda-invoice]
10-Jul-2020 13:35:43.740 INFO [main] org.camunda.commons.logging.BaseLogger.logInfo ENGINE-07015 Detected @ProcessApplication class 'org.camunda.bpm.example.invoice.InvoiceProcessApplication'
10-Jul-2020 13:35:43.791 INFO [main] org.apache.jasper.servlet.TldScanner.scanJars At least one JAR was scanned for TLDs yet contained no TLDs. Enable debug logging for this logger for a complete list of JARs that were scanned but no TLDs were found in them. Skipping unneeded JARs during scanning can improve startup time and JSP compilation time.
10-Jul-2020 13:35:43.800 INFO [main] org.camunda.commons.logging.BaseLogger.logInfo ENGINE-08024 Found processes.xml file at file:/C:/Users/parvi/Downloads/camunda-bpm-tomcat-7.13.0/server/apache-tomcat-9.0.33/webapps/camunda-invoice/WEB-INF/classes/META-INF/processes.xml
10-Jul-2020 13:35:44.134 INFO [main] org.camunda.commons.logging.BaseLogger.logInfo ENGINE-07021 ProcessApplication 'camunda-invoice' registered for DB deployments [1badc7ea-c299-11ea-b3c6-164f8a78d741]. Will execute process definitions 

        invoice[version: 1, id: invoice:1:1bbf7b2e-c299-11ea-b3c6-164f8a78d741]
        ReviewInvoice[version: 1, id: ReviewInvoice:1:1bbfc950-c299-11ea-b3c6-164f8a78d741]
Deployment does not provide any case definitions.
10-Jul-2020 13:35:44.148 INFO [main] org.camunda.commons.logging.BaseLogger.logInfo ENGINE-08023 Deployment summary for process archive 'camunda-invoice': 

        invoiceBusinessDecisions.dmn
        invoice.v2.bpmn

10-Jul-2020 13:35:44.509 INFO [main] org.camunda.commons.logging.BaseLogger.logInfo ENGINE-07021 ProcessApplication 'camunda-invoice' registered for DB deployments [1be02294-c299-11ea-b3c6-164f8a78d741, 1badc7ea-c299-11ea-b3c6-164f8a78d741]. Will execute process definitions 

        invoice[version: 2, id: invoice:2:1be41a37-c299-11ea-b3c6-164f8a78d741]
        ReviewInvoice[version: 1, id: ReviewInvoice:1:1bbfc950-c299-11ea-b3c6-164f8a78d741]
        invoice[version: 1, id: invoice:1:1bbf7b2e-c299-11ea-b3c6-164f8a78d741]
Deployment does not provide any case definitions.
10-Jul-2020 13:35:44.523 INFO [main] org.camunda.commons.logging.BaseLogger.logInfo SPIN-01010 Discovered Spin data format provider: org.camunda.spin.impl.json.jackson.format.JacksonJsonDataFormatProvider[name = application/json]
10-Jul-2020 13:35:44.525 INFO [main] org.camunda.commons.logging.BaseLogger.logInfo SPIN-01010 Discovered Spin data format provider: org.camunda.spin.impl.xml.dom.format.DomXmlDataFormatProvider[name = application/xml]
10-Jul-2020 13:35:44.527 INFO [main] org.camunda.commons.logging.BaseLogger.logInfo SPIN-01009 Discovered Spin data format: org.camunda.spin.impl.xml.dom.format.DomXmlDataFormat[name = application/xml]
10-Jul-2020 13:35:44.527 INFO [main] org.camunda.commons.logging.BaseLogger.logInfo SPIN-01009 Discovered Spin data format: org.camunda.spin.impl.json.jackson.format.JacksonJsonDataFormat[name = application/json]
10-Jul-2020 13:35:44.542 INFO [main] org.camunda.bpm.example.invoice.DemoDataGenerator.createUsers Generating demo data for invoice showcase
10-Jul-2020 13:35:44.677 INFO [main] org.camunda.bpm.example.invoice.InvoiceProcessApplication.startProcessInstances Start 3 instances of Invoice Receipt, version 1
10-Jul-2020 13:35:45.983 INFO [main] org.camunda.bpm.example.invoice.service.NotifyCreditorService.execute 

  ... Now notifying creditor Bobby's Office Supplies


10-Jul-2020 13:35:46.133 INFO [main] org.camunda.bpm.example.invoice.InvoiceProcessApplication.startProcessInstances Start 3 instances of Invoice Receipt, version 2
10-Jul-2020 13:35:46.457 INFO [main] org.camunda.commons.logging.BaseLogger.logInfo ENGINE-08050 Process application camunda-invoice successfully deployed
10-Jul-2020 13:35:46.464 INFO [main] org.apache.catalina.startup.HostConfig.deployDirectory Deployment of web application directory [C:\Users\parvi\Downloads\camunda-bpm-tomcat-7.13.0\server\apache-tomcat-9.0.33\webapps\camunda-invoice] has finished in [5 929] ms
10-Jul-2020 13:35:46.464 INFO [main] org.apache.catalina.startup.HostConfig.deployDirectory Установка веб приложения в папку [C:\Users\parvi\Downloads\camunda-bpm-tomcat-7.13.0\server\apache-tomcat-9.0.33\webapps\camunda-welcome]
10-Jul-2020 13:35:49.249 INFO [main] org.apache.jasper.servlet.TldScanner.scanJars At least one JAR was scanned for TLDs yet contained no TLDs. Enable debug logging for this logger for a complete list of JARs that were scanned but no TLDs were found in them. Skipping unneeded JARs during scanning can improve startup time and JSP compilation time.
10-Jul-2020 13:35:49.252 INFO [main] org.apache.catalina.startup.HostConfig.deployDirectory Deployment of web application directory [C:\Users\parvi\Downloads\camunda-bpm-tomcat-7.13.0\server\apache-tomcat-9.0.33\webapps\camunda-welcome] has finished in [2 788] ms
10-Jul-2020 13:35:49.253 INFO [main] org.apache.catalina.startup.HostConfig.deployDirectory Установка веб приложения в папку [C:\Users\parvi\Downloads\camunda-bpm-tomcat-7.13.0\server\apache-tomcat-9.0.33\webapps\docs]
10-Jul-2020 13:35:51.685 INFO [main] org.apache.jasper.servlet.TldScanner.scanJars At least one JAR was scanned for TLDs yet contained no TLDs. Enable debug logging for this logger for a complete list of JARs that were scanned but no TLDs were found in them. Skipping unneeded JARs during scanning can improve startup time and JSP compilation time.
10-Jul-2020 13:35:51.688 INFO [main] org.apache.catalina.startup.HostConfig.deployDirectory Deployment of web application directory [C:\Users\parvi\Downloads\camunda-bpm-tomcat-7.13.0\server\apache-tomcat-9.0.33\webapps\docs] has finished in [2 435] ms
10-Jul-2020 13:35:51.688 INFO [main] org.apache.catalina.startup.HostConfig.deployDirectory Установка веб приложения в папку [C:\Users\parvi\Downloads\camunda-bpm-tomcat-7.13.0\server\apache-tomcat-9.0.33\webapps\engine-rest]
10-Jul-2020 13:35:54.895 INFO [main] org.apache.jasper.servlet.TldScanner.scanJars At least one JAR was scanned for TLDs yet contained no TLDs. Enable debug logging for this logger for a complete list of JARs that were scanned but no TLDs were found in them. Skipping unneeded JARs during scanning can improve startup time and JSP compilation time.
10-Jul-2020 13:35:55.129 INFO [main] org.apache.catalina.startup.HostConfig.deployDirectory Deployment of web application directory [C:\Users\parvi\Downloads\camunda-bpm-tomcat-7.13.0\server\apache-tomcat-9.0.33\webapps\engine-rest] has finished in [3 441] ms
10-Jul-2020 13:35:55.130 INFO [main] org.apache.catalina.startup.HostConfig.deployDirectory Установка веб приложения в папку [C:\Users\parvi\Downloads\camunda-bpm-tomcat-7.13.0\server\apache-tomcat-9.0.33\webapps\examples]
10-Jul-2020 13:35:58.358 INFO [main] org.apache.jasper.servlet.TldScanner.scanJars At least one JAR was scanned for TLDs yet contained no TLDs. Enable debug logging for this logger for a complete list of JARs that were scanned but no TLDs were found in them. Skipping unneeded JARs during scanning can improve startup time and JSP compilation time.
10-Jul-2020 13:35:58.427 INFO [main] org.apache.catalina.startup.HostConfig.deployDirectory Deployment of web application directory [C:\Users\parvi\Downloads\camunda-bpm-tomcat-7.13.0\server\apache-tomcat-9.0.33\webapps\examples] has finished in [3 297] ms
10-Jul-2020 13:35:58.428 INFO [main] org.apache.catalina.startup.HostConfig.deployDirectory Установка веб приложения в папку [C:\Users\parvi\Downloads\camunda-bpm-tomcat-7.13.0\server\apache-tomcat-9.0.33\webapps\h2]
10-Jul-2020 13:36:01.632 INFO [main] org.apache.jasper.servlet.TldScanner.scanJars At least one JAR was scanned for TLDs yet contained no TLDs. Enable debug logging for this logger for a complete list of JARs that were scanned but no TLDs were found in them. Skipping unneeded JARs during scanning can improve startup time and JSP compilation time.
10-Jul-2020 13:36:01.640 INFO [main] org.apache.catalina.startup.HostConfig.deployDirectory Deployment of web application directory [C:\Users\parvi\Downloads\camunda-bpm-tomcat-7.13.0\server\apache-tomcat-9.0.33\webapps\h2] has finished in [3 212] ms
10-Jul-2020 13:36:01.640 INFO [main] org.apache.catalina.startup.HostConfig.deployDirectory Установка веб приложения в папку [C:\Users\parvi\Downloads\camunda-bpm-tomcat-7.13.0\server\apache-tomcat-9.0.33\webapps\host-manager]
10-Jul-2020 13:36:04.351 INFO [main] org.apache.jasper.servlet.TldScanner.scanJars At least one JAR was scanned for TLDs yet contained no TLDs. Enable debug logging for this logger for a complete list of JARs that were scanned but no TLDs were found in them. Skipping unneeded JARs during scanning can improve startup time and JSP compilation time.
10-Jul-2020 13:36:04.355 INFO [main] org.apache.catalina.startup.HostConfig.deployDirectory Deployment of web application directory [C:\Users\parvi\Downloads\camunda-bpm-tomcat-7.13.0\server\apache-tomcat-9.0.33\webapps\host-manager] has finished in [2 715] ms
10-Jul-2020 13:36:04.356 INFO [main] org.apache.catalina.startup.HostConfig.deployDirectory Установка веб приложения в папку [C:\Users\parvi\Downloads\camunda-bpm-tomcat-7.13.0\server\apache-tomcat-9.0.33\webapps\manager]
10-Jul-2020 13:36:06.693 INFO [main] org.apache.jasper.servlet.TldScanner.scanJars At least one JAR was scanned for TLDs yet contained no TLDs. Enable debug logging for this logger for a complete list of JARs that were scanned but no TLDs were found in them. Skipping unneeded JARs during scanning can improve startup time and JSP compilation time.
10-Jul-2020 13:36:06.696 INFO [main] org.apache.catalina.startup.HostConfig.deployDirectory Deployment of web application directory [C:\Users\parvi\Downloads\camunda-bpm-tomcat-7.13.0\server\apache-tomcat-9.0.33\webapps\manager] has finished in [2 340] ms
10-Jul-2020 13:36:06.696 INFO [main] org.apache.catalina.startup.HostConfig.deployDirectory Установка веб приложения в папку [C:\Users\parvi\Downloads\camunda-bpm-tomcat-7.13.0\server\apache-tomcat-9.0.33\webapps\ROOT]
10-Jul-2020 13:36:09.028 INFO [main] org.apache.jasper.servlet.TldScanner.scanJars At least one JAR was scanned for TLDs yet contained no TLDs. Enable debug logging for this logger for a complete list of JARs that were scanned but no TLDs were found in them. Skipping unneeded JARs during scanning can improve startup time and JSP compilation time.
10-Jul-2020 13:36:09.030 INFO [main] org.apache.catalina.startup.HostConfig.deployDirectory Deployment of web application directory [C:\Users\parvi\Downloads\camunda-bpm-tomcat-7.13.0\server\apache-tomcat-9.0.33\webapps\ROOT] has finished in [2 334] ms
10-Jul-2020 13:36:09.034 INFO [main] org.apache.coyote.AbstractProtocol.start Starting ProtocolHandler ["http-nio-8080"]
10-Jul-2020 13:36:09.041 INFO [main] org.apache.catalina.startup.Catalina.start Server startup in [37 893] milliseconds
10-Jul-2020 13:36:09.402 INFO [http-nio-8080-exec-5] org.jboss.resteasy.spi.ResteasyDeployment.processApplication RESTEASY002225: Deploying javax.ws.rs.core.Application: class org.camunda.bpm.tasklist.impl.web.TasklistApplication
10-Jul-2020 13:36:09.417 INFO [http-nio-8080-exec-5] org.jboss.resteasy.spi.ResteasyDeployment.processApplication RESTEASY002205: Adding provider class com.fasterxml.jackson.jaxrs.json.JacksonJsonProvider from Application class org.camunda.bpm.tasklist.impl.web.TasklistApplication
10-Jul-2020 13:36:09.417 INFO [http-nio-8080-exec-5] org.jboss.resteasy.spi.ResteasyDeployment.processApplication RESTEASY002205: Adding provider class org.camunda.bpm.engine.rest.mapper.JacksonConfigurator from Application class org.camunda.bpm.tasklist.impl.web.TasklistApplication
10-Jul-2020 13:36:09.417 INFO [http-nio-8080-exec-5] org.jboss.resteasy.spi.ResteasyDeployment.processApplication RESTEASY002205: Adding provider class org.camunda.bpm.engine.rest.exception.ExceptionHandler from Application class org.camunda.bpm.tasklist.impl.web.TasklistApplication
10-Jul-2020 13:36:09.418 INFO [http-nio-8080-exec-5] org.jboss.resteasy.spi.ResteasyDeployment.processApplication RESTEASY002205: Adding provider class org.camunda.bpm.engine.rest.exception.RestExceptionHandler from Application class org.camunda.bpm.tasklist.impl.web.TasklistApplication
10-Jul-2020 13:36:09.419 INFO [http-nio-8080-exec-5] org.jboss.resteasy.spi.ResteasyDeployment.processApplication RESTEASY002200: Adding class resource org.camunda.bpm.tasklist.impl.plugin.resources.TasklistPluginsRootResource from Application class org.camunda.bpm.tasklist.impl.web.TasklistApplication
10-Jul-2020 13:36:09.667 INFO [http-nio-8080-exec-6] org.jboss.resteasy.spi.ResteasyDeployment.processApplication RESTEASY002225: Deploying javax.ws.rs.core.Application: class org.camunda.bpm.webapp.impl.engine.EngineRestApplication
10-Jul-2020 13:36:09.676 INFO [http-nio-8080-exec-6] org.jboss.resteasy.spi.ResteasyDeployment.processApplication RESTEASY002205: Adding provider class com.fasterxml.jackson.jaxrs.json.JacksonJsonProvider from Application class org.camunda.bpm.webapp.impl.engine.EngineRestApplication
10-Jul-2020 13:36:09.677 INFO [http-nio-8080-exec-6] org.jboss.resteasy.spi.ResteasyDeployment.processApplication RESTEASY002205: Adding provider class org.camunda.bpm.engine.rest.mapper.JacksonConfigurator from Application class org.camunda.bpm.webapp.impl.engine.EngineRestApplication
10-Jul-2020 13:36:09.678 INFO [http-nio-8080-exec-6] org.jboss.resteasy.spi.ResteasyDeployment.processApplication RESTEASY002205: Adding provider class org.camunda.bpm.engine.rest.exception.ProcessEngineExceptionHandler from Application class org.camunda.bpm.webapp.impl.engine.EngineRestApplication
10-Jul-2020 13:36:09.680 INFO [http-nio-8080-exec-6] org.jboss.resteasy.spi.ResteasyDeployment.processApplication RESTEASY002205: Adding provider class org.camunda.bpm.engine.rest.hal.JacksonHalJsonProvider from Application class org.camunda.bpm.webapp.impl.engine.EngineRestApplication
10-Jul-2020 13:36:09.681 INFO [http-nio-8080-exec-6] org.jboss.resteasy.spi.ResteasyDeployment.processApplication RESTEASY002205: Adding provider class org.camunda.bpm.engine.rest.mapper.MultipartPayloadProvider from Application class org.camunda.bpm.webapp.impl.engine.EngineRestApplication
10-Jul-2020 13:36:09.681 INFO [http-nio-8080-exec-6] org.jboss.resteasy.spi.ResteasyDeployment.processApplication RESTEASY002205: Adding provider class org.camunda.bpm.engine.rest.exception.JsonMappingExceptionHandler from Application class org.camunda.bpm.webapp.impl.engine.EngineRestApplication
10-Jul-2020 13:36:09.682 INFO [http-nio-8080-exec-6] org.jboss.resteasy.spi.ResteasyDeployment.processApplication RESTEASY002205: Adding provider class org.camunda.bpm.engine.rest.exception.ExceptionHandler from Application class org.camunda.bpm.webapp.impl.engine.EngineRestApplication
10-Jul-2020 13:36:09.682 INFO [http-nio-8080-exec-6] org.jboss.resteasy.spi.ResteasyDeployment.processApplication RESTEASY002200: Adding class resource org.camunda.bpm.engine.rest.impl.NamedProcessEngineRestServiceImpl from Application class org.camunda.bpm.webapp.impl.engine.EngineRestApplication
10-Jul-2020 13:36:09.683 INFO [http-nio-8080-exec-6] org.jboss.resteasy.spi.ResteasyDeployment.processApplication RESTEASY002205: Adding provider class org.camunda.bpm.engine.rest.exception.RestExceptionHandler from Application class org.camunda.bpm.webapp.impl.engine.EngineRestApplication
10-Jul-2020 13:36:09.683 INFO [http-nio-8080-exec-6] org.jboss.resteasy.spi.ResteasyDeployment.processApplication RESTEASY002205: Adding provider class org.camunda.bpm.engine.rest.exception.JsonParseExceptionHandler from Application class org.camunda.bpm.webapp.impl.engine.EngineRestApplication
10-Jul-2020 13:36:09.693 INFO [http-nio-8080-exec-7] org.jboss.resteasy.spi.ResteasyDeployment.processApplication RESTEASY002225: Deploying javax.ws.rs.core.Application: class org.camunda.bpm.admin.impl.web.AdminApplication
10-Jul-2020 13:36:09.704 INFO [http-nio-8080-exec-7] org.jboss.resteasy.spi.ResteasyDeployment.processApplication RESTEASY002205: Adding provider class com.fasterxml.jackson.jaxrs.json.JacksonJsonProvider from Application class org.camunda.bpm.admin.impl.web.AdminApplication
10-Jul-2020 13:36:09.704 INFO [http-nio-8080-exec-7] org.jboss.resteasy.spi.ResteasyDeployment.processApplication RESTEASY002205: Adding provider class org.camunda.bpm.engine.rest.mapper.JacksonConfigurator from Application class org.camunda.bpm.admin.impl.web.AdminApplication
10-Jul-2020 13:36:09.705 INFO [http-nio-8080-exec-7] org.jboss.resteasy.spi.ResteasyDeployment.processApplication RESTEASY002200: Adding class resource org.camunda.bpm.webapp.impl.security.auth.UserAuthenticationResource from Application class org.camunda.bpm.admin.impl.web.AdminApplication
10-Jul-2020 13:36:09.705 INFO [http-nio-8080-exec-7] org.jboss.resteasy.spi.ResteasyDeployment.processApplication RESTEASY002205: Adding provider class org.camunda.bpm.engine.rest.exception.ExceptionHandler from Application class org.camunda.bpm.admin.impl.web.AdminApplication
10-Jul-2020 13:36:09.707 INFO [http-nio-8080-exec-7] org.jboss.resteasy.spi.ResteasyDeployment.processApplication RESTEASY002205: Adding provider class org.camunda.bpm.engine.rest.exception.RestExceptionHandler from Application class org.camunda.bpm.admin.impl.web.AdminApplication
10-Jul-2020 13:36:09.710 INFO [http-nio-8080-exec-7] org.jboss.resteasy.spi.ResteasyDeployment.processApplication RESTEASY002200: Adding class resource org.camunda.bpm.admin.impl.plugin.resources.AdminPluginsRootResource from Application class org.camunda.bpm.admin.impl.web.AdminApplication
10-Jul-2020 13:36:09.710 INFO [http-nio-8080-exec-7] org.jboss.resteasy.spi.ResteasyDeployment.processApplication RESTEASY002200: Adding class resource org.camunda.bpm.admin.impl.web.SetupResource from Application class org.camunda.bpm.admin.impl.web.AdminApplication
10-Jul-2020 13:36:13.028 INFO [http-nio-8080-exec-3] org.jboss.resteasy.spi.ResteasyDeployment.processApplication RESTEASY002225: Deploying javax.ws.rs.core.Application: class org.camunda.bpm.engine.rest.impl.application.DefaultApplication
10-Jul-2020 13:36:13.047 INFO [http-nio-8080-exec-3] org.jboss.resteasy.spi.ResteasyDeployment.processApplication RESTEASY002205: Adding provider class org.camunda.bpm.engine.rest.exception.ProcessEngineExceptionHandler from Application class org.camunda.bpm.engine.rest.impl.application.DefaultApplication
10-Jul-2020 13:36:13.048 INFO [http-nio-8080-exec-3] org.jboss.resteasy.spi.ResteasyDeployment.processApplication RESTEASY002205: Adding provider class org.camunda.bpm.engine.rest.exception.JsonMappingExceptionHandler from Application class org.camunda.bpm.engine.rest.impl.application.DefaultApplication
10-Jul-2020 13:36:13.049 INFO [http-nio-8080-exec-3] org.jboss.resteasy.spi.ResteasyDeployment.processApplication RESTEASY002205: Adding provider class org.camunda.bpm.engine.rest.exception.JsonParseExceptionHandler from Application class org.camunda.bpm.engine.rest.impl.application.DefaultApplication
10-Jul-2020 13:36:13.049 INFO [http-nio-8080-exec-3] org.jboss.resteasy.spi.ResteasyDeployment.processApplication RESTEASY002205: Adding provider class org.camunda.bpm.engine.rest.exception.RestExceptionHandler from Application class org.camunda.bpm.engine.rest.impl.application.DefaultApplication
10-Jul-2020 13:36:13.050 INFO [http-nio-8080-exec-3] org.jboss.resteasy.spi.ResteasyDeployment.processApplication RESTEASY002205: Adding provider class com.fasterxml.jackson.jaxrs.json.JacksonJsonProvider from Application class org.camunda.bpm.engine.rest.impl.application.DefaultApplication
10-Jul-2020 13:36:13.050 INFO [http-nio-8080-exec-3] org.jboss.resteasy.spi.ResteasyDeployment.processApplication RESTEASY002205: Adding provider class org.camunda.bpm.engine.rest.mapper.JacksonConfigurator from Application class org.camunda.bpm.engine.rest.impl.application.DefaultApplication
10-Jul-2020 13:36:13.051 INFO [http-nio-8080-exec-3] org.jboss.resteasy.spi.ResteasyDeployment.processApplication RESTEASY002200: Adding class resource org.camunda.bpm.engine.rest.impl.JaxRsTwoNamedProcessEngineRestServiceImpl from Application class org.camunda.bpm.engine.rest.impl.application.DefaultApplication
10-Jul-2020 13:36:13.051 INFO [http-nio-8080-exec-3] org.jboss.resteasy.spi.ResteasyDeployment.processApplication RESTEASY002205: Adding provider class org.camunda.bpm.engine.rest.hal.JacksonHalJsonProvider from Application class org.camunda.bpm.engine.rest.impl.application.DefaultApplication
10-Jul-2020 13:36:13.052 INFO [http-nio-8080-exec-3] org.jboss.resteasy.spi.ResteasyDeployment.processApplication RESTEASY002205: Adding provider class org.camunda.bpm.engine.rest.exception.ExceptionHandler from Application class org.camunda.bpm.engine.rest.impl.application.DefaultApplication
10-Jul-2020 13:36:13.052 INFO [http-nio-8080-exec-3] org.jboss.resteasy.spi.ResteasyDeployment.processApplication RESTEASY002200: Adding class resource org.camunda.bpm.engine.rest.impl.JaxRsTwoDefaultProcessEngineRestServiceImpl from Application class org.camunda.bpm.engine.rest.impl.application.DefaultApplication
10-Jul-2020 13:36:13.052 INFO [http-nio-8080-exec-3] org.jboss.resteasy.spi.ResteasyDeployment.processApplication RESTEASY002205: Adding provider class org.camunda.bpm.engine.rest.mapper.MultipartPayloadProvider from Application class org.camunda.bpm.engine.rest.impl.application.DefaultApplication
10-Jul-2020 13:44:32.215 INFO [http-nio-8080-exec-5] org.apache.coyote.http11.Http11Processor.service Error parsing HTTP request header
 Note: further occurrences of HTTP request parsing errors will be logged at DEBUG level.
	java.lang.IllegalArgumentException: Invalid character found in method name. HTTP method names must be tokens
		at org.apache.coyote.http11.Http11InputBuffer.parseRequestLine(Http11InputBuffer.java:418)
		at org.apache.coyote.http11.Http11Processor.service(Http11Processor.java:260)
		at org.apache.coyote.AbstractProcessorLight.process(AbstractProcessorLight.java:65)
		at org.apache.coyote.AbstractProtocol$ConnectionHandler.process(AbstractProtocol.java:868)
		at org.apache.tomcat.util.net.NioEndpoint$SocketProcessor.doRun(NioEndpoint.java:1594)
		at org.apache.tomcat.util.net.SocketProcessorBase.run(SocketProcessorBase.java:49)
		at java.util.concurrent.ThreadPoolExecutor.runWorker(Unknown Source)
		at java.util.concurrent.ThreadPoolExecutor$Worker.run(Unknown Source)
		at org.apache.tomcat.util.threads.TaskThread$WrappingRunnable.run(TaskThread.java:61)
		at java.lang.Thread.run(Unknown Source)
10-Jul-2020 13:57:25.378 INFO [main] org.apache.catalina.startup.VersionLoggerListener.log Server version name:   Apache Tomcat/9.0.33
10-Jul-2020 13:57:25.379 INFO [main] org.apache.catalina.startup.VersionLoggerListener.log Server built:          Mar 11 2020 09:31:38 UTC
10-Jul-2020 13:57:25.379 INFO [main] org.apache.catalina.startup.VersionLoggerListener.log Server version number: 9.0.33.0
10-Jul-2020 13:57:25.380 INFO [main] org.apache.catalina.startup.VersionLoggerListener.log OS Name:               Windows 8.1
10-Jul-2020 13:57:25.380 INFO [main] org.apache.catalina.startup.VersionLoggerListener.log OS Version:            6.3
10-Jul-2020 13:57:25.380 INFO [main] org.apache.catalina.startup.VersionLoggerListener.log Architecture:          amd64
10-Jul-2020 13:57:25.380 INFO [main] org.apache.catalina.startup.VersionLoggerListener.log Java Home:             C:\Program Files\Java\jre1.8.0_45
10-Jul-2020 13:57:25.380 INFO [main] org.apache.catalina.startup.VersionLoggerListener.log JVM Version:           1.8.0_45-b14
10-Jul-2020 13:57:25.381 INFO [main] org.apache.catalina.startup.VersionLoggerListener.log JVM Vendor:            Oracle Corporation
10-Jul-2020 13:57:25.381 INFO [main] org.apache.catalina.startup.VersionLoggerListener.log CATALINA_BASE:         C:\OSPanel\domains\elphin\camunda-bpm-tomcat-7.13.0\server\apache-tomcat-9.0.33
10-Jul-2020 13:57:25.381 INFO [main] org.apache.catalina.startup.VersionLoggerListener.log CATALINA_HOME:         C:\OSPanel\domains\elphin\camunda-bpm-tomcat-7.13.0\server\apache-tomcat-9.0.33
10-Jul-2020 13:57:25.382 INFO [main] org.apache.catalina.startup.VersionLoggerListener.log Command line argument: -Djava.util.logging.config.file=C:\OSPanel\domains\elphin\camunda-bpm-tomcat-7.13.0\server\apache-tomcat-9.0.33\conf\logging.properties
10-Jul-2020 13:57:25.382 INFO [main] org.apache.catalina.startup.VersionLoggerListener.log Command line argument: -Djava.util.logging.manager=org.apache.juli.ClassLoaderLogManager
10-Jul-2020 13:57:25.382 INFO [main] org.apache.catalina.startup.VersionLoggerListener.log Command line argument: -Djdk.tls.ephemeralDHKeySize=2048
10-Jul-2020 13:57:25.382 INFO [main] org.apache.catalina.startup.VersionLoggerListener.log Command line argument: -Djava.protocol.handler.pkgs=org.apache.catalina.webresources
10-Jul-2020 13:57:25.382 INFO [main] org.apache.catalina.startup.VersionLoggerListener.log Command line argument: -Xmx512m
10-Jul-2020 13:57:25.383 INFO [main] org.apache.catalina.startup.VersionLoggerListener.log Command line argument: -Dignore.endorsed.dirs=
10-Jul-2020 13:57:25.383 INFO [main] org.apache.catalina.startup.VersionLoggerListener.log Command line argument: -Dcatalina.base=C:\OSPanel\domains\elphin\camunda-bpm-tomcat-7.13.0\server\apache-tomcat-9.0.33
10-Jul-2020 13:57:25.384 INFO [main] org.apache.catalina.startup.VersionLoggerListener.log Command line argument: -Dcatalina.home=C:\OSPanel\domains\elphin\camunda-bpm-tomcat-7.13.0\server\apache-tomcat-9.0.33
10-Jul-2020 13:57:25.384 INFO [main] org.apache.catalina.startup.VersionLoggerListener.log Command line argument: -Djava.io.tmpdir=C:\OSPanel\domains\elphin\camunda-bpm-tomcat-7.13.0\server\apache-tomcat-9.0.33\temp
10-Jul-2020 13:57:25.388 INFO [main] org.apache.catalina.core.AprLifecycleListener.lifecycleEvent The APR based Apache Tomcat Native library which allows optimal performance in production environments was not found on the java.library.path: [C:\Program Files\Java\jre1.8.0_45\bin;C:\WINDOWS\Sun\Java\bin;C:\WINDOWS\system32;C:\WINDOWS;C:\ProgramData\Oracle\Java\javapath;C:\WINDOWS\system32;C:\WINDOWS;C:\WINDOWS\System32\Wbem;C:\WINDOWS\System32\WindowsPowerShell\v1.0\;C:\WINDOWS\System32\OpenSSH\;C:\Program Files (x86)\NVIDIA Corporation\PhysX\Common;C:\Program Files\NVIDIA Corporation\NVIDIA NvDLISR;C:\Program Files\Git\cmd;C:\Program Files\dotnet\;C:\Program Files\nodejs\;C:\Users\parvi\AppData\Local\Microsoft\WindowsApps;;C:\Program Files\JetBrains\PhpStorm 2019.3.4\bin;;C:\Users\parvi\AppData\Local\Programs\Microsoft VS Code\bin;C:\Users\parvi\AppData\Roaming\npm;.]
10-Jul-2020 13:57:25.638 INFO [main] org.apache.coyote.AbstractProtocol.init Initializing ProtocolHandler ["http-nio-8080"]
10-Jul-2020 13:57:25.668 INFO [main] org.apache.catalina.startup.Catalina.load Server initialization in [519] milliseconds
10-Jul-2020 13:57:25.946 INFO [main] org.camunda.commons.logging.BaseLogger.logInfo ENGINE-08046 Found camunda bpm platform configuration in CATALINA_BASE/CATALINA_HOME conf directory [C:\OSPanel\domains\elphin\camunda-bpm-tomcat-7.13.0\server\apache-tomcat-9.0.33\conf\bpm-platform.xml] at 'file:/C:/OSPanel/domains/elphin/camunda-bpm-tomcat-7.13.0/server/apache-tomcat-9.0.33/conf/bpm-platform.xml'
10-Jul-2020 13:57:26.344 INFO [main] org.camunda.commons.logging.BaseLogger.logInfo ENGINE-12003 Plugin 'ProcessApplicationEventListenerPlugin' activated on process engine 'default'
10-Jul-2020 13:57:26.350 INFO [main] org.camunda.commons.logging.BaseLogger.logInfo ENGINE-12003 Plugin 'SpinProcessEnginePlugin' activated on process engine 'default'
10-Jul-2020 13:57:26.354 INFO [main] org.camunda.commons.logging.BaseLogger.logInfo SPIN-01010 Discovered Spin data format provider: org.camunda.spin.impl.json.jackson.format.JacksonJsonDataFormatProvider[name = application/json]
10-Jul-2020 13:57:26.545 INFO [main] org.camunda.commons.logging.BaseLogger.logInfo SPIN-01010 Discovered Spin data format provider: org.camunda.spin.impl.xml.dom.format.DomXmlDataFormatProvider[name = application/xml]
10-Jul-2020 13:57:26.570 INFO [main] org.camunda.commons.logging.BaseLogger.logInfo SPIN-01009 Discovered Spin data format: org.camunda.spin.impl.xml.dom.format.DomXmlDataFormat[name = application/xml]
10-Jul-2020 13:57:26.570 INFO [main] org.camunda.commons.logging.BaseLogger.logInfo SPIN-01009 Discovered Spin data format: org.camunda.spin.impl.json.jackson.format.JacksonJsonDataFormat[name = application/json]
10-Jul-2020 13:57:26.571 INFO [main] org.camunda.commons.logging.BaseLogger.logInfo ENGINE-12003 Plugin 'ConnectProcessEnginePlugin' activated on process engine 'default'
10-Jul-2020 13:57:26.706 INFO [main] org.camunda.commons.logging.BaseLogger.logInfo CNCT-01004 Discovered provider for connector id 'http-connector' and class 'org.camunda.connect.httpclient.impl.HttpConnectorImpl': 'org.camunda.connect.httpclient.impl.HttpConnectorProviderImpl'
10-Jul-2020 13:57:26.709 INFO [main] org.camunda.commons.logging.BaseLogger.logInfo CNCT-01004 Discovered provider for connector id 'soap-http-connector' and class 'org.camunda.connect.httpclient.soap.impl.SoapHttpConnectorImpl': 'org.camunda.connect.httpclient.soap.impl.SoapHttpConnectorProviderImpl'
10-Jul-2020 13:57:26.809 INFO [main] org.camunda.commons.logging.BaseLogger.logInfo FEEL/SCALA-01001 Spin value mapper detected
10-Jul-2020 13:57:26.973 INFO [main] org.camunda.feel.FeelEngine.<init> Engine created. [value-mapper: CompositeValueMapper(List(org.camunda.feel.impl.JavaValueMapper@7446d8d5, org.camunda.spin.plugin.impl.feel.integration.SpinValueMapper@5c3b6c6e)), function-provider: org.camunda.bpm.dmn.feel.impl.scala.function.CustomFunctionTransformer@242aa8d9, configuration: Configuration(false)]
10-Jul-2020 13:57:29.840 INFO [main] org.camunda.commons.logging.BaseLogger.logInfo ENGINE-00001 Process Engine default created.
10-Jul-2020 13:57:29.842 INFO [main] org.camunda.commons.logging.BaseLogger.logInfo ENGINE-14014 Starting up the JobExecutor[org.camunda.bpm.engine.impl.jobexecutor.RuntimeContainerJobExecutor].
10-Jul-2020 13:57:29.845 INFO [Thread-5] org.camunda.commons.logging.BaseLogger.logInfo ENGINE-14018 JobExecutor[org.camunda.bpm.engine.impl.jobexecutor.RuntimeContainerJobExecutor] starting to acquire jobs
10-Jul-2020 13:57:29.846 INFO [main] org.camunda.commons.logging.BaseLogger.logInfo ENGINE-08048 Camunda BPM platform sucessfully started at 'Apache Tomcat/9.0.33'.
10-Jul-2020 13:57:29.862 INFO [main] org.apache.catalina.core.StandardService.startInternal Starting service [Catalina]
10-Jul-2020 13:57:29.862 INFO [main] org.apache.catalina.core.StandardEngine.startInternal Starting Servlet engine: [Apache Tomcat/9.0.33]
10-Jul-2020 13:57:29.872 INFO [main] org.apache.catalina.startup.HostConfig.deployDirectory Установка веб приложения в папку [C:\OSPanel\domains\elphin\camunda-bpm-tomcat-7.13.0\server\apache-tomcat-9.0.33\webapps\camunda]
10-Jul-2020 13:57:34.114 INFO [main] org.apache.jasper.servlet.TldScanner.scanJars At least one JAR was scanned for TLDs yet contained no TLDs. Enable debug logging for this logger for a complete list of JARs that were scanned but no TLDs were found in them. Skipping unneeded JARs during scanning can improve startup time and JSP compilation time.
10-Jul-2020 13:57:34.766 INFO [main] org.apache.catalina.startup.HostConfig.deployDirectory Deployment of web application directory [C:\OSPanel\domains\elphin\camunda-bpm-tomcat-7.13.0\server\apache-tomcat-9.0.33\webapps\camunda] has finished in [4 889] ms
10-Jul-2020 13:57:34.767 INFO [main] org.apache.catalina.startup.HostConfig.deployDirectory Установка веб приложения в папку [C:\OSPanel\domains\elphin\camunda-bpm-tomcat-7.13.0\server\apache-tomcat-9.0.33\webapps\camunda-invoice]
10-Jul-2020 13:57:37.669 INFO [main] org.camunda.commons.logging.BaseLogger.logInfo ENGINE-07015 Detected @ProcessApplication class 'org.camunda.bpm.example.invoice.InvoiceProcessApplication'
10-Jul-2020 13:57:37.703 INFO [main] org.apache.jasper.servlet.TldScanner.scanJars At least one JAR was scanned for TLDs yet contained no TLDs. Enable debug logging for this logger for a complete list of JARs that were scanned but no TLDs were found in them. Skipping unneeded JARs during scanning can improve startup time and JSP compilation time.
10-Jul-2020 13:57:37.710 INFO [main] org.camunda.commons.logging.BaseLogger.logInfo ENGINE-08024 Found processes.xml file at file:/C:/OSPanel/domains/elphin/camunda-bpm-tomcat-7.13.0/server/apache-tomcat-9.0.33/webapps/camunda-invoice/WEB-INF/classes/META-INF/processes.xml
10-Jul-2020 13:57:37.740 INFO [main] org.camunda.commons.logging.BaseLogger.logInfo ENGINE-08023 Deployment summary for process archive 'camunda-invoice': 

        invoiceBusinessDecisions.dmn
        invoice.v2.bpmn

10-Jul-2020 13:57:38.151 INFO [main] org.camunda.commons.logging.BaseLogger.logInfo ENGINE-07021 ProcessApplication 'camunda-invoice' registered for DB deployments [1be02294-c299-11ea-b3c6-164f8a78d741, 1badc7ea-c299-11ea-b3c6-164f8a78d741]. Will execute process definitions 

        invoice[version: 2, id: invoice:2:1be41a37-c299-11ea-b3c6-164f8a78d741]
        ReviewInvoice[version: 1, id: ReviewInvoice:1:1bbfc950-c299-11ea-b3c6-164f8a78d741]
        invoice[version: 1, id: invoice:1:1bbf7b2e-c299-11ea-b3c6-164f8a78d741]
Deployment does not provide any case definitions.
10-Jul-2020 13:57:38.158 INFO [main] org.camunda.commons.logging.BaseLogger.logInfo SPIN-01010 Discovered Spin data format provider: org.camunda.spin.impl.json.jackson.format.JacksonJsonDataFormatProvider[name = application/json]
10-Jul-2020 13:57:38.160 INFO [main] org.camunda.commons.logging.BaseLogger.logInfo SPIN-01010 Discovered Spin data format provider: org.camunda.spin.impl.xml.dom.format.DomXmlDataFormatProvider[name = application/xml]
10-Jul-2020 13:57:38.162 INFO [main] org.camunda.commons.logging.BaseLogger.logInfo SPIN-01009 Discovered Spin data format: org.camunda.spin.impl.xml.dom.format.DomXmlDataFormat[name = application/xml]
10-Jul-2020 13:57:38.163 INFO [main] org.camunda.commons.logging.BaseLogger.logInfo SPIN-01009 Discovered Spin data format: org.camunda.spin.impl.json.jackson.format.JacksonJsonDataFormat[name = application/json]
10-Jul-2020 13:57:38.198 INFO [main] org.camunda.bpm.example.invoice.InvoiceProcessApplication.startProcessInstances No new instances of Invoice Receipt version 1 started, there are 3 instances running
10-Jul-2020 13:57:38.207 INFO [main] org.camunda.bpm.example.invoice.InvoiceProcessApplication.startProcessInstances No new instances of Invoice Receipt version 2 started, there are 3 instances running
10-Jul-2020 13:57:38.207 INFO [main] org.camunda.commons.logging.BaseLogger.logInfo ENGINE-08050 Process application camunda-invoice successfully deployed
10-Jul-2020 13:57:38.213 INFO [main] org.apache.catalina.startup.HostConfig.deployDirectory Deployment of web application directory [C:\OSPanel\domains\elphin\camunda-bpm-tomcat-7.13.0\server\apache-tomcat-9.0.33\webapps\camunda-invoice] has finished in [3 446] ms
10-Jul-2020 13:57:38.213 INFO [main] org.apache.catalina.startup.HostConfig.deployDirectory Установка веб приложения в папку [C:\OSPanel\domains\elphin\camunda-bpm-tomcat-7.13.0\server\apache-tomcat-9.0.33\webapps\camunda-welcome]
10-Jul-2020 13:57:40.661 INFO [main] org.apache.jasper.servlet.TldScanner.scanJars At least one JAR was scanned for TLDs yet contained no TLDs. Enable debug logging for this logger for a complete list of JARs that were scanned but no TLDs were found in them. Skipping unneeded JARs during scanning can improve startup time and JSP compilation time.
10-Jul-2020 13:57:40.663 INFO [main] org.apache.catalina.startup.HostConfig.deployDirectory Deployment of web application directory [C:\OSPanel\domains\elphin\camunda-bpm-tomcat-7.13.0\server\apache-tomcat-9.0.33\webapps\camunda-welcome] has finished in [2 450] ms
10-Jul-2020 13:57:40.663 INFO [main] org.apache.catalina.startup.HostConfig.deployDirectory Установка веб приложения в папку [C:\OSPanel\domains\elphin\camunda-bpm-tomcat-7.13.0\server\apache-tomcat-9.0.33\webapps\docs]
10-Jul-2020 13:57:43.021 INFO [main] org.apache.jasper.servlet.TldScanner.scanJars At least one JAR was scanned for TLDs yet contained no TLDs. Enable debug logging for this logger for a complete list of JARs that were scanned but no TLDs were found in them. Skipping unneeded JARs during scanning can improve startup time and JSP compilation time.
10-Jul-2020 13:57:43.024 INFO [main] org.apache.catalina.startup.HostConfig.deployDirectory Deployment of web application directory [C:\OSPanel\domains\elphin\camunda-bpm-tomcat-7.13.0\server\apache-tomcat-9.0.33\webapps\docs] has finished in [2 361] ms
10-Jul-2020 13:57:43.024 INFO [main] org.apache.catalina.startup.HostConfig.deployDirectory Установка веб приложения в папку [C:\OSPanel\domains\elphin\camunda-bpm-tomcat-7.13.0\server\apache-tomcat-9.0.33\webapps\engine-rest]
10-Jul-2020 13:57:46.024 INFO [main] org.apache.jasper.servlet.TldScanner.scanJars At least one JAR was scanned for TLDs yet contained no TLDs. Enable debug logging for this logger for a complete list of JARs that were scanned but no TLDs were found in them. Skipping unneeded JARs during scanning can improve startup time and JSP compilation time.
10-Jul-2020 13:57:46.247 INFO [main] org.apache.catalina.startup.HostConfig.deployDirectory Deployment of web application directory [C:\OSPanel\domains\elphin\camunda-bpm-tomcat-7.13.0\server\apache-tomcat-9.0.33\webapps\engine-rest] has finished in [3 223] ms
10-Jul-2020 13:57:46.248 INFO [main] org.apache.catalina.startup.HostConfig.deployDirectory Установка веб приложения в папку [C:\OSPanel\domains\elphin\camunda-bpm-tomcat-7.13.0\server\apache-tomcat-9.0.33\webapps\examples]
10-Jul-2020 13:57:49.037 INFO [main] org.apache.jasper.servlet.TldScanner.scanJars At least one JAR was scanned for TLDs yet contained no TLDs. Enable debug logging for this logger for a complete list of JARs that were scanned but no TLDs were found in them. Skipping unneeded JARs during scanning can improve startup time and JSP compilation time.
10-Jul-2020 13:57:49.070 INFO [main] org.apache.catalina.startup.HostConfig.deployDirectory Deployment of web application directory [C:\OSPanel\domains\elphin\camunda-bpm-tomcat-7.13.0\server\apache-tomcat-9.0.33\webapps\examples] has finished in [2 822] ms
10-Jul-2020 13:57:49.070 INFO [main] org.apache.catalina.startup.HostConfig.deployDirectory Установка веб приложения в папку [C:\OSPanel\domains\elphin\camunda-bpm-tomcat-7.13.0\server\apache-tomcat-9.0.33\webapps\h2]
10-Jul-2020 13:57:51.497 INFO [main] org.apache.jasper.servlet.TldScanner.scanJars At least one JAR was scanned for TLDs yet contained no TLDs. Enable debug logging for this logger for a complete list of JARs that were scanned but no TLDs were found in them. Skipping unneeded JARs during scanning can improve startup time and JSP compilation time.
10-Jul-2020 13:57:51.503 INFO [main] org.apache.catalina.startup.HostConfig.deployDirectory Deployment of web application directory [C:\OSPanel\domains\elphin\camunda-bpm-tomcat-7.13.0\server\apache-tomcat-9.0.33\webapps\h2] has finished in [2 432] ms
10-Jul-2020 13:57:51.503 INFO [main] org.apache.catalina.startup.HostConfig.deployDirectory Установка веб приложения в папку [C:\OSPanel\domains\elphin\camunda-bpm-tomcat-7.13.0\server\apache-tomcat-9.0.33\webapps\host-manager]
10-Jul-2020 13:57:53.858 INFO [main] org.apache.jasper.servlet.TldScanner.scanJars At least one JAR was scanned for TLDs yet contained no TLDs. Enable debug logging for this logger for a complete list of JARs that were scanned but no TLDs were found in them. Skipping unneeded JARs during scanning can improve startup time and JSP compilation time.
10-Jul-2020 13:57:53.862 INFO [main] org.apache.catalina.startup.HostConfig.deployDirectory Deployment of web application directory [C:\OSPanel\domains\elphin\camunda-bpm-tomcat-7.13.0\server\apache-tomcat-9.0.33\webapps\host-manager] has finished in [2 359] ms
10-Jul-2020 13:57:53.863 INFO [main] org.apache.catalina.startup.HostConfig.deployDirectory Установка веб приложения в папку [C:\OSPanel\domains\elphin\camunda-bpm-tomcat-7.13.0\server\apache-tomcat-9.0.33\webapps\manager]
10-Jul-2020 13:57:56.214 INFO [main] org.apache.jasper.servlet.TldScanner.scanJars At least one JAR was scanned for TLDs yet contained no TLDs. Enable debug logging for this logger for a complete list of JARs that were scanned but no TLDs were found in them. Skipping unneeded JARs during scanning can improve startup time and JSP compilation time.
10-Jul-2020 13:57:56.218 INFO [main] org.apache.catalina.startup.HostConfig.deployDirectory Deployment of web application directory [C:\OSPanel\domains\elphin\camunda-bpm-tomcat-7.13.0\server\apache-tomcat-9.0.33\webapps\manager] has finished in [2 354] ms
10-Jul-2020 13:57:56.218 INFO [main] org.apache.catalina.startup.HostConfig.deployDirectory Установка веб приложения в папку [C:\OSPanel\domains\elphin\camunda-bpm-tomcat-7.13.0\server\apache-tomcat-9.0.33\webapps\ROOT]
10-Jul-2020 13:57:58.545 INFO [main] org.apache.jasper.servlet.TldScanner.scanJars At least one JAR was scanned for TLDs yet contained no TLDs. Enable debug logging for this logger for a complete list of JARs that were scanned but no TLDs were found in them. Skipping unneeded JARs during scanning can improve startup time and JSP compilation time.
10-Jul-2020 13:57:58.549 INFO [main] org.apache.catalina.startup.HostConfig.deployDirectory Deployment of web application directory [C:\OSPanel\domains\elphin\camunda-bpm-tomcat-7.13.0\server\apache-tomcat-9.0.33\webapps\ROOT] has finished in [2 331] ms
10-Jul-2020 13:57:58.551 INFO [main] org.apache.coyote.AbstractProtocol.start Starting ProtocolHandler ["http-nio-8080"]
10-Jul-2020 13:57:58.559 INFO [main] org.apache.catalina.startup.Catalina.start Server startup in [32 890] milliseconds
10-Jul-2020 13:57:58.637 INFO [http-nio-8080-exec-2] org.jboss.resteasy.spi.ResteasyDeployment.processApplication RESTEASY002225: Deploying javax.ws.rs.core.Application: class org.camunda.bpm.engine.rest.impl.application.DefaultApplication
10-Jul-2020 13:57:58.661 INFO [http-nio-8080-exec-2] org.jboss.resteasy.spi.ResteasyDeployment.processApplication RESTEASY002200: Adding class resource org.camunda.bpm.engine.rest.impl.JaxRsTwoNamedProcessEngineRestServiceImpl from Application class org.camunda.bpm.engine.rest.impl.application.DefaultApplication
10-Jul-2020 13:57:58.661 INFO [http-nio-8080-exec-2] org.jboss.resteasy.spi.ResteasyDeployment.processApplication RESTEASY002205: Adding provider class com.fasterxml.jackson.jaxrs.json.JacksonJsonProvider from Application class org.camunda.bpm.engine.rest.impl.application.DefaultApplication
10-Jul-2020 13:57:58.662 INFO [http-nio-8080-exec-2] org.jboss.resteasy.spi.ResteasyDeployment.processApplication RESTEASY002205: Adding provider class org.camunda.bpm.engine.rest.mapper.JacksonConfigurator from Application class org.camunda.bpm.engine.rest.impl.application.DefaultApplication
10-Jul-2020 13:57:58.663 INFO [http-nio-8080-exec-2] org.jboss.resteasy.spi.ResteasyDeployment.processApplication RESTEASY002205: Adding provider class org.camunda.bpm.engine.rest.mapper.MultipartPayloadProvider from Application class org.camunda.bpm.engine.rest.impl.application.DefaultApplication
10-Jul-2020 13:57:58.663 INFO [http-nio-8080-exec-2] org.jboss.resteasy.spi.ResteasyDeployment.processApplication RESTEASY002205: Adding provider class org.camunda.bpm.engine.rest.exception.ExceptionHandler from Application class org.camunda.bpm.engine.rest.impl.application.DefaultApplication
10-Jul-2020 13:57:58.664 INFO [http-nio-8080-exec-2] org.jboss.resteasy.spi.ResteasyDeployment.processApplication RESTEASY002200: Adding class resource org.camunda.bpm.engine.rest.impl.JaxRsTwoDefaultProcessEngineRestServiceImpl from Application class org.camunda.bpm.engine.rest.impl.application.DefaultApplication
10-Jul-2020 13:57:58.665 INFO [http-nio-8080-exec-2] org.jboss.resteasy.spi.ResteasyDeployment.processApplication RESTEASY002205: Adding provider class org.camunda.bpm.engine.rest.exception.JsonParseExceptionHandler from Application class org.camunda.bpm.engine.rest.impl.application.DefaultApplication
10-Jul-2020 13:57:58.665 INFO [http-nio-8080-exec-2] org.jboss.resteasy.spi.ResteasyDeployment.processApplication RESTEASY002205: Adding provider class org.camunda.bpm.engine.rest.exception.JsonMappingExceptionHandler from Application class org.camunda.bpm.engine.rest.impl.application.DefaultApplication
10-Jul-2020 13:57:58.666 INFO [http-nio-8080-exec-2] org.jboss.resteasy.spi.ResteasyDeployment.processApplication RESTEASY002205: Adding provider class org.camunda.bpm.engine.rest.hal.JacksonHalJsonProvider from Application class org.camunda.bpm.engine.rest.impl.application.DefaultApplication
10-Jul-2020 13:57:58.666 INFO [http-nio-8080-exec-2] org.jboss.resteasy.spi.ResteasyDeployment.processApplication RESTEASY002205: Adding provider class org.camunda.bpm.engine.rest.exception.RestExceptionHandler from Application class org.camunda.bpm.engine.rest.impl.application.DefaultApplication
10-Jul-2020 13:57:58.666 INFO [http-nio-8080-exec-2] org.jboss.resteasy.spi.ResteasyDeployment.processApplication RESTEASY002205: Adding provider class org.camunda.bpm.engine.rest.exception.ProcessEngineExceptionHandler from Application class org.camunda.bpm.engine.rest.impl.application.DefaultApplication
10-Jul-2020 14:04:32.224 INFO [http-nio-8080-exec-5] org.apache.coyote.http11.Http11Processor.service Error parsing HTTP request header
 Note: further occurrences of HTTP request parsing errors will be logged at DEBUG level.
	java.lang.IllegalArgumentException: Invalid character found in method name. HTTP method names must be tokens
		at org.apache.coyote.http11.Http11InputBuffer.parseRequestLine(Http11InputBuffer.java:418)
		at org.apache.coyote.http11.Http11Processor.service(Http11Processor.java:260)
		at org.apache.coyote.AbstractProcessorLight.process(AbstractProcessorLight.java:65)
		at org.apache.coyote.AbstractProtocol$ConnectionHandler.process(AbstractProtocol.java:868)
		at org.apache.tomcat.util.net.NioEndpoint$SocketProcessor.doRun(NioEndpoint.java:1594)
		at org.apache.tomcat.util.net.SocketProcessorBase.run(SocketProcessorBase.java:49)
		at java.util.concurrent.ThreadPoolExecutor.runWorker(Unknown Source)
		at java.util.concurrent.ThreadPoolExecutor$Worker.run(Unknown Source)
		at org.apache.tomcat.util.threads.TaskThread$WrappingRunnable.run(TaskThread.java:61)
		at java.lang.Thread.run(Unknown Source)
